2018-03-20 18:14:22,712 [Worker-3] INFO  c.g.t.t.d.PublishedGradleVersions - Gradle version information cache is up-to-date. Trying to read.
2018-03-20 18:15:41,831 [Worker-16] INFO  o.e.m.c.i.l.LifecycleMappingFactory - Using org.eclipse.m2e.jdt.JarLifecycleMapping lifecycle mapping for MavenProject: PhantomjsTest:PhabtomjsTest:0.0.1-SNAPSHOT @ C:\Users\anna.zhuravleva\Documents\Alrquitectura\mavenSeleniumPhantomjs\PhabtomjsTest\pom.xml.
2018-03-20 18:15:42,845 [Worker-16] INFO  o.e.m.j.i.AbstractJavaProjectConfigurator - Adding source folder /PhabtomjsTest/src/main/java
2018-03-20 18:15:42,848 [Worker-16] INFO  o.e.m.j.i.AbstractJavaProjectConfigurator - Adding resource folder /PhabtomjsTest/src/main/resources
2018-03-20 18:15:42,849 [Worker-16] INFO  o.e.m.j.i.AbstractJavaProjectConfigurator - Adding source folder /PhabtomjsTest/src/test/java
2018-03-20 18:15:42,849 [Worker-16] INFO  o.e.m.j.i.AbstractJavaProjectConfigurator - Adding resource folder /PhabtomjsTest/src/test/resources
2018-03-20 18:15:44,602 [Worker-19] WARN  o.e.m.c.i.embedder.EclipseLogger - Using platform encoding (Cp1252 actually) to copy filtered resources, i.e. build is platform dependent!
2018-03-20 18:15:44,612 [Worker-19] INFO  o.e.m.c.i.embedder.EclipseLogger - Copying 0 resource
2018-03-20 18:15:44,615 [Worker-19] WARN  o.e.m.c.i.embedder.EclipseLogger - Using platform encoding (Cp1252 actually) to copy filtered resources, i.e. build is platform dependent!
2018-03-20 18:15:44,617 [Worker-19] INFO  o.e.m.c.i.embedder.EclipseLogger - Copying 0 resource
2018-03-20 18:16:13,643 [Worker-3] WARN  o.e.m.c.i.embedder.EclipseLogger - Using platform encoding (Cp1252 actually) to copy filtered resources, i.e. build is platform dependent!
2018-03-20 18:16:13,669 [Worker-3] INFO  o.e.m.c.i.embedder.EclipseLogger - Copying 0 resource
2018-03-20 18:16:13,671 [Worker-3] WARN  o.e.m.c.i.embedder.EclipseLogger - Using platform encoding (Cp1252 actually) to copy filtered resources, i.e. build is platform dependent!
2018-03-20 18:16:13,708 [Worker-3] INFO  o.e.m.c.i.embedder.EclipseLogger - Copying 0 resource
2018-03-21 10:27:37,500 [Worker-20] INFO  o.e.m.c.i.l.LifecycleMappingFactory - Using org.eclipse.m2e.jdt.JarLifecycleMapping lifecycle mapping for MavenProject: PhantomjsTest:PhabtomjsTest:0.0.1-SNAPSHOT @ C:\Users\anna.zhuravleva\Documents\Alrquitectura\mavenSeleniumPhantomjs\PhabtomjsTest\pom.xml.
2018-03-21 10:27:39,003 [Worker-20] WARN  o.e.m.c.i.embedder.EclipseLogger - Using platform encoding (Cp1252 actually) to copy filtered resources, i.e. build is platform dependent!
2018-03-21 10:27:39,008 [Worker-20] INFO  o.e.m.c.i.embedder.EclipseLogger - Copying 0 resource
2018-03-21 10:27:39,012 [Worker-20] WARN  o.e.m.c.i.embedder.EclipseLogger - Using platform encoding (Cp1252 actually) to copy filtered resources, i.e. build is platform dependent!
2018-03-21 10:27:39,014 [Worker-20] INFO  o.e.m.c.i.embedder.EclipseLogger - Copying 0 resource
2018-03-21 10:27:41,413 [Worker-5] WARN  o.e.m.c.i.embedder.EclipseLogger - Using platform encoding (Cp1252 actually) to copy filtered resources, i.e. build is platform dependent!
2018-03-21 10:27:41,417 [Worker-5] INFO  o.e.m.c.i.embedder.EclipseLogger - Copying 0 resource
2018-03-21 10:27:41,421 [Worker-5] WARN  o.e.m.c.i.embedder.EclipseLogger - Using platform encoding (Cp1252 actually) to copy filtered resources, i.e. build is platform dependent!
2018-03-21 10:27:41,429 [Worker-5] INFO  o.e.m.c.i.embedder.EclipseLogger - Copying 0 resource
2018-03-21 10:29:39,278 [Worker-20] WARN  o.e.m.c.i.embedder.EclipseLogger - Using platform encoding (Cp1252 actually) to copy filtered resources, i.e. build is platform dependent!
2018-03-21 10:29:39,282 [Worker-20] INFO  o.e.m.c.i.embedder.EclipseLogger - Copying 0 resource
2018-03-21 10:29:39,284 [Worker-20] WARN  o.e.m.c.i.embedder.EclipseLogger - Using platform encoding (Cp1252 actually) to copy filtered resources, i.e. build is platform dependent!
2018-03-21 10:29:39,286 [Worker-20] INFO  o.e.m.c.i.embedder.EclipseLogger - Copying 0 resource
2018-03-21 10:29:40,414 [Worker-22] WARN  o.e.m.c.i.embedder.EclipseLogger - Using platform encoding (Cp1252 actually) to copy filtered resources, i.e. build is platform dependent!
2018-03-21 10:29:40,419 [Worker-22] INFO  o.e.m.c.i.embedder.EclipseLogger - Copying 0 resource
2018-03-21 10:29:40,421 [Worker-22] WARN  o.e.m.c.i.embedder.EclipseLogger - Using platform encoding (Cp1252 actually) to copy filtered resources, i.e. build is platform dependent!
2018-03-21 10:29:40,424 [Worker-22] INFO  o.e.m.c.i.embedder.EclipseLogger - Copying 0 resource
2018-03-21 11:17:23,265 [Worker-25] INFO  o.e.m.c.i.l.LifecycleMappingFactory - Using org.eclipse.m2e.jdt.JarLifecycleMapping lifecycle mapping for MavenProject: PhantomjsTest:PhabtomjsTest:0.0.1-SNAPSHOT @ C:\Users\anna.zhuravleva\Documents\Alrquitectura\mavenSeleniumPhantomjs\PhabtomjsTest\pom.xml.
2018-03-21 11:17:23,868 [Worker-25] WARN  o.e.m.c.i.embedder.EclipseLogger - Using platform encoding (Cp1252 actually) to copy filtered resources, i.e. build is platform dependent!
2018-03-21 11:17:23,872 [Worker-25] INFO  o.e.m.c.i.embedder.EclipseLogger - Copying 0 resource
2018-03-21 11:17:23,875 [Worker-25] WARN  o.e.m.c.i.embedder.EclipseLogger - Using platform encoding (Cp1252 actually) to copy filtered resources, i.e. build is platform dependent!
2018-03-21 11:17:23,878 [Worker-25] INFO  o.e.m.c.i.embedder.EclipseLogger - Copying 0 resource
2018-03-21 11:19:06,326 [Worker-30] INFO  o.e.m.c.i.l.LifecycleMappingFactory - Using org.eclipse.m2e.jdt.JarLifecycleMapping lifecycle mapping for MavenProject: PhantomjsTest:PhabtomjsTest:0.0.1-SNAPSHOT @ C:\Users\anna.zhuravleva\Documents\Alrquitectura\mavenSeleniumPhantomjs\PhabtomjsTest\pom.xml.
2018-03-21 11:19:06,720 [Worker-25] INFO  o.e.m.c.i.e.AbstractTransferListenerAdapter - Downloaded https://repo.maven.apache.org/maven2/com/github/detro/phantomjsdriver/${ghostdriver.version}/phantomjsdriver-${ghostdriver.version}.pom
2018-03-21 11:19:06,731 [Worker-25] WARN  o.e.m.c.i.embedder.EclipseLogger - The POM for com.github.detro:phantomjsdriver:jar:${ghostdriver.version} is missing, no dependency information available
2018-03-21 11:19:06,801 [Worker-30] INFO  o.e.m.c.i.e.AbstractTransferListenerAdapter - Downloaded https://repo.maven.apache.org/maven2/com/github/detro/phantomjsdriver/${ghostdriver.version}/phantomjsdriver-${ghostdriver.version}.pom
2018-03-21 11:19:06,807 [Worker-30] WARN  o.e.m.c.i.embedder.EclipseLogger - The POM for com.github.detro:phantomjsdriver:jar:${ghostdriver.version} is missing, no dependency information available
2018-03-21 11:19:07,097 [Worker-25] INFO  o.e.m.c.i.e.AbstractTransferListenerAdapter - Downloaded https://repo.maven.apache.org/maven2/com/github/detro/phantomjsdriver/${ghostdriver.version}/phantomjsdriver-${ghostdriver.version}.jar
2018-03-21 11:19:07,097 [Worker-30] INFO  o.e.m.c.i.e.AbstractTransferListenerAdapter - Downloaded https://repo.maven.apache.org/maven2/com/github/detro/phantomjsdriver/${ghostdriver.version}/phantomjsdriver-${ghostdriver.version}.jar
2018-03-21 11:19:07,445 [Worker-30] WARN  o.e.m.c.i.embedder.EclipseLogger - Using platform encoding (Cp1252 actually) to copy filtered resources, i.e. build is platform dependent!
2018-03-21 11:19:07,448 [Worker-30] INFO  o.e.m.c.i.embedder.EclipseLogger - Copying 0 resource
2018-03-21 11:19:07,450 [Worker-30] WARN  o.e.m.c.i.embedder.EclipseLogger - Using platform encoding (Cp1252 actually) to copy filtered resources, i.e. build is platform dependent!
2018-03-21 11:19:07,452 [Worker-30] INFO  o.e.m.c.i.embedder.EclipseLogger - Copying 0 resource
2018-03-21 11:21:41,087 [Worker-28] INFO  o.e.m.c.i.l.LifecycleMappingFactory - Using org.eclipse.m2e.jdt.JarLifecycleMapping lifecycle mapping for MavenProject: PhantomjsTest:PhabtomjsTest:0.0.1-SNAPSHOT @ C:\Users\anna.zhuravleva\Documents\Alrquitectura\mavenSeleniumPhantomjs\PhabtomjsTest\pom.xml.
2018-03-21 11:21:41,539 [Worker-28] WARN  o.e.m.c.i.embedder.EclipseLogger - Using platform encoding (Cp1252 actually) to copy filtered resources, i.e. build is platform dependent!
2018-03-21 11:21:41,542 [Worker-28] INFO  o.e.m.c.i.embedder.EclipseLogger - Copying 0 resource
2018-03-21 11:21:41,545 [Worker-28] WARN  o.e.m.c.i.embedder.EclipseLogger - Using platform encoding (Cp1252 actually) to copy filtered resources, i.e. build is platform dependent!
2018-03-21 11:21:41,547 [Worker-28] INFO  o.e.m.c.i.embedder.EclipseLogger - Copying 0 resource
2018-03-21 11:21:43,310 [Worker-32] WARN  o.e.m.c.i.embedder.EclipseLogger - Using platform encoding (Cp1252 actually) to copy filtered resources, i.e. build is platform dependent!
2018-03-21 11:21:43,312 [Worker-32] INFO  o.e.m.c.i.embedder.EclipseLogger - Copying 0 resource
2018-03-21 11:21:43,314 [Worker-32] WARN  o.e.m.c.i.embedder.EclipseLogger - Using platform encoding (Cp1252 actually) to copy filtered resources, i.e. build is platform dependent!
2018-03-21 11:21:43,316 [Worker-32] INFO  o.e.m.c.i.embedder.EclipseLogger - Copying 0 resource
2018-03-21 11:25:09,002 [Worker-35] INFO  o.e.m.c.i.l.LifecycleMappingFactory - Using org.eclipse.m2e.jdt.JarLifecycleMapping lifecycle mapping for MavenProject: PhantomjsTest:PhabtomjsTest:0.0.1-SNAPSHOT @ C:\Users\anna.zhuravleva\Documents\Alrquitectura\mavenSeleniumPhantomjs\PhabtomjsTest\pom.xml.
2018-03-21 11:25:10,087 [Worker-35] WARN  o.e.m.c.i.embedder.EclipseLogger - Using platform encoding (Cp1252 actually) to copy filtered resources, i.e. build is platform dependent!
2018-03-21 11:25:10,092 [Worker-35] INFO  o.e.m.c.i.embedder.EclipseLogger - Copying 0 resource
2018-03-21 11:25:10,094 [Worker-35] WARN  o.e.m.c.i.embedder.EclipseLogger - Using platform encoding (Cp1252 actually) to copy filtered resources, i.e. build is platform dependent!
2018-03-21 11:25:10,097 [Worker-35] INFO  o.e.m.c.i.embedder.EclipseLogger - Copying 0 resource
2018-03-21 11:27:01,366 [Worker-31] INFO  o.e.m.c.i.l.LifecycleMappingFactory - Using org.eclipse.m2e.jdt.JarLifecycleMapping lifecycle mapping for MavenProject: PhantomjsTest:PhabtomjsTest:0.0.1-SNAPSHOT @ C:\Users\anna.zhuravleva\Documents\Alrquitectura\mavenSeleniumPhantomjs\PhabtomjsTest\pom.xml.
2018-03-21 11:27:01,953 [Worker-31] WARN  o.e.m.c.i.embedder.EclipseLogger - Using platform encoding (Cp1252 actually) to copy filtered resources, i.e. build is platform dependent!
2018-03-21 11:27:01,960 [Worker-31] INFO  o.e.m.c.i.embedder.EclipseLogger - Copying 0 resource
2018-03-21 11:27:01,963 [Worker-31] WARN  o.e.m.c.i.embedder.EclipseLogger - Using platform encoding (Cp1252 actually) to copy filtered resources, i.e. build is platform dependent!
2018-03-21 11:27:01,967 [Worker-31] INFO  o.e.m.c.i.embedder.EclipseLogger - Copying 0 resource
2018-03-21 11:27:05,814 [Worker-37] WARN  o.e.m.c.i.embedder.EclipseLogger - Using platform encoding (Cp1252 actually) to copy filtered resources, i.e. build is platform dependent!
2018-03-21 11:27:05,829 [Worker-37] INFO  o.e.m.c.i.embedder.EclipseLogger - Copying 0 resource
2018-03-21 11:27:05,832 [Worker-37] WARN  o.e.m.c.i.embedder.EclipseLogger - Using platform encoding (Cp1252 actually) to copy filtered resources, i.e. build is platform dependent!
2018-03-21 11:27:05,839 [Worker-37] INFO  o.e.m.c.i.embedder.EclipseLogger - Copying 0 resource
2018-03-26 10:28:38,474 [Worker-334] WARN  o.e.m.c.i.embedder.EclipseLogger - Using platform encoding (Cp1252 actually) to copy filtered resources, i.e. build is platform dependent!
2018-03-26 10:28:38,495 [Worker-334] INFO  o.e.m.c.i.embedder.EclipseLogger - Copying 0 resource
2018-03-26 10:28:38,498 [Worker-334] WARN  o.e.m.c.i.embedder.EclipseLogger - Using platform encoding (Cp1252 actually) to copy filtered resources, i.e. build is platform dependent!
2018-03-26 10:28:38,505 [Worker-334] INFO  o.e.m.c.i.embedder.EclipseLogger - Copying 0 resource
2018-03-26 11:49:37,372 [Worker-357] INFO  o.e.m.c.i.l.LifecycleMappingFactory - Using org.eclipse.m2e.jdt.JarLifecycleMapping lifecycle mapping for MavenProject: PhantomjsTest:PhabtomjsTest:0.0.1-SNAPSHOT @ C:\Users\anna.zhuravleva\Documents\Alrquitectura\mavenSeleniumPhantomjs\PhabtomjsTest\pom.xml.
2018-03-26 11:49:38,641 [Worker-357] WARN  o.e.m.c.i.embedder.EclipseLogger - Using platform encoding (Cp1252 actually) to copy filtered resources, i.e. build is platform dependent!
2018-03-26 11:49:38,654 [Worker-357] INFO  o.e.m.c.i.embedder.EclipseLogger - Copying 0 resource
2018-03-26 11:49:38,659 [Worker-357] WARN  o.e.m.c.i.embedder.EclipseLogger - Using platform encoding (Cp1252 actually) to copy filtered resources, i.e. build is platform dependent!
2018-03-26 11:49:38,666 [Worker-357] INFO  o.e.m.c.i.embedder.EclipseLogger - Copying 0 resource
2018-03-26 12:05:30,988 [Worker-369] INFO  o.e.m.c.i.l.LifecycleMappingFactory - Using org.eclipse.m2e.jdt.JarLifecycleMapping lifecycle mapping for MavenProject: PhantomjsTest:PhabtomjsTest:0.0.1-SNAPSHOT @ C:\Users\anna.zhuravleva\Documents\Alrquitectura\mavenSeleniumPhantomjs\PhabtomjsTest\pom.xml.
2018-03-26 12:05:58,564 [Worker-369] INFO  o.e.m.c.i.e.AbstractTransferListenerAdapter - Downloaded https://jitpack.io/com/github/detro/ghostdriver/2.1.0/ghostdriver-2.1.0.pom
2018-03-26 12:05:58,715 [Worker-369] INFO  o.e.m.c.i.e.AbstractTransferListenerAdapter - Downloaded https://jitpack.io/org/seleniumhq/selenium/selenium-remote-driver/3.1.0/selenium-remote-driver-3.1.0.pom
2018-03-26 12:06:25,688 [Worker-369] INFO  o.e.m.c.i.e.AbstractTransferListenerAdapter - Downloading https://repo.maven.apache.org/maven2/org/seleniumhq/selenium/selenium-remote-driver/3.1.0/selenium-remote-driver-3.1.0.pom
2018-03-26 12:06:25,810 [Worker-369] INFO  o.e.m.c.i.e.AbstractTransferListenerAdapter - Downloaded https://repo.maven.apache.org/maven2/org/seleniumhq/selenium/selenium-remote-driver/3.1.0/selenium-remote-driver-3.1.0.pom
2018-03-26 12:06:25,962 [Worker-369] INFO  o.e.m.c.i.e.AbstractTransferListenerAdapter - Downloaded https://jitpack.io/org/seleniumhq/selenium/selenium-api/3.1.0/selenium-api-3.1.0.pom
2018-03-26 12:06:26,086 [Worker-369] INFO  o.e.m.c.i.e.AbstractTransferListenerAdapter - Downloading https://repo.maven.apache.org/maven2/org/seleniumhq/selenium/selenium-api/3.1.0/selenium-api-3.1.0.pom
2018-03-26 12:06:26,682 [Worker-369] INFO  o.e.m.c.i.e.AbstractTransferListenerAdapter - Downloaded https://repo.maven.apache.org/maven2/org/seleniumhq/selenium/selenium-api/3.1.0/selenium-api-3.1.0.pom
2018-03-26 12:06:26,842 [Worker-369] INFO  o.e.m.c.i.e.AbstractTransferListenerAdapter - Downloaded https://jitpack.io/cglib/cglib-nodep/3.2.4/cglib-nodep-3.2.4.pom
2018-03-26 12:06:26,909 [Worker-369] INFO  o.e.m.c.i.e.AbstractTransferListenerAdapter - Downloading https://repo.maven.apache.org/maven2/cglib/cglib-nodep/3.2.4/cglib-nodep-3.2.4.pom
2018-03-26 12:06:27,028 [Worker-369] INFO  o.e.m.c.i.e.AbstractTransferListenerAdapter - Downloaded https://repo.maven.apache.org/maven2/cglib/cglib-nodep/3.2.4/cglib-nodep-3.2.4.pom
2018-03-26 12:06:27,194 [Worker-369] INFO  o.e.m.c.i.e.AbstractTransferListenerAdapter - Downloaded https://jitpack.io/cglib/cglib-parent/3.2.4/cglib-parent-3.2.4.pom
2018-03-26 12:06:27,253 [Worker-369] INFO  o.e.m.c.i.e.AbstractTransferListenerAdapter - Downloading https://repo.maven.apache.org/maven2/cglib/cglib-parent/3.2.4/cglib-parent-3.2.4.pom
2018-03-26 12:06:27,362 [Worker-369] INFO  o.e.m.c.i.e.AbstractTransferListenerAdapter - Downloaded https://repo.maven.apache.org/maven2/cglib/cglib-parent/3.2.4/cglib-parent-3.2.4.pom
2018-03-26 12:06:27,523 [Worker-369] INFO  o.e.m.c.i.e.AbstractTransferListenerAdapter - Downloaded https://jitpack.io/org/apache/commons/commons-exec/1.3/commons-exec-1.3.pom
2018-03-26 12:06:27,592 [Worker-369] INFO  o.e.m.c.i.e.AbstractTransferListenerAdapter - Downloading https://repo.maven.apache.org/maven2/org/apache/commons/commons-exec/1.3/commons-exec-1.3.pom
2018-03-26 12:06:27,687 [Worker-369] INFO  o.e.m.c.i.e.AbstractTransferListenerAdapter - Downloaded https://repo.maven.apache.org/maven2/org/apache/commons/commons-exec/1.3/commons-exec-1.3.pom
2018-03-26 12:06:27,723 [Worker-369] INFO  o.e.m.c.i.e.AbstractTransferListenerAdapter - Downloaded https://jitpack.io/org/apache/commons/commons-parent/35/commons-parent-35.pom
2018-03-26 12:06:27,777 [Worker-369] INFO  o.e.m.c.i.e.AbstractTransferListenerAdapter - Downloading https://repo.maven.apache.org/maven2/org/apache/commons/commons-parent/35/commons-parent-35.pom
2018-03-26 12:06:27,926 [Worker-369] INFO  o.e.m.c.i.e.AbstractTransferListenerAdapter - Downloaded https://repo.maven.apache.org/maven2/org/apache/commons/commons-parent/35/commons-parent-35.pom
2018-03-26 12:06:28,082 [Worker-369] INFO  o.e.m.c.i.e.AbstractTransferListenerAdapter - Downloaded https://jitpack.io/org/apache/apache/15/apache-15.pom
2018-03-26 12:06:28,142 [Worker-369] INFO  o.e.m.c.i.e.AbstractTransferListenerAdapter - Downloading https://repo.maven.apache.org/maven2/org/apache/apache/15/apache-15.pom
2018-03-26 12:06:28,233 [Worker-369] INFO  o.e.m.c.i.e.AbstractTransferListenerAdapter - Downloaded https://repo.maven.apache.org/maven2/org/apache/apache/15/apache-15.pom
2018-03-26 12:06:28,267 [Worker-369] INFO  o.e.m.c.i.e.AbstractTransferListenerAdapter - Downloaded https://jitpack.io/com/google/guava/guava/21.0/guava-21.0.pom
2018-03-26 12:06:28,317 [Worker-369] INFO  o.e.m.c.i.e.AbstractTransferListenerAdapter - Downloading https://repo.maven.apache.org/maven2/com/google/guava/guava/21.0/guava-21.0.pom
2018-03-26 12:06:28,409 [Worker-369] INFO  o.e.m.c.i.e.AbstractTransferListenerAdapter - Downloaded https://repo.maven.apache.org/maven2/com/google/guava/guava/21.0/guava-21.0.pom
2018-03-26 12:06:28,474 [Worker-369] INFO  o.e.m.c.i.e.AbstractTransferListenerAdapter - Downloaded https://jitpack.io/com/google/guava/guava-parent/21.0/guava-parent-21.0.pom
2018-03-26 12:06:28,526 [Worker-369] INFO  o.e.m.c.i.e.AbstractTransferListenerAdapter - Downloading https://repo.maven.apache.org/maven2/com/google/guava/guava-parent/21.0/guava-parent-21.0.pom
2018-03-26 12:06:28,638 [Worker-369] INFO  o.e.m.c.i.e.AbstractTransferListenerAdapter - Downloaded https://repo.maven.apache.org/maven2/com/google/guava/guava-parent/21.0/guava-parent-21.0.pom
2018-03-26 12:06:28,805 [Worker-369] INFO  o.e.m.c.i.e.AbstractTransferListenerAdapter - Downloaded https://jitpack.io/org/apache/httpcomponents/httpmime/4.5.2/httpmime-4.5.2.pom
2018-03-26 12:06:28,876 [Worker-369] INFO  o.e.m.c.i.e.AbstractTransferListenerAdapter - Downloading https://repo.maven.apache.org/maven2/org/apache/httpcomponents/httpmime/4.5.2/httpmime-4.5.2.pom
2018-03-26 12:06:28,980 [Worker-369] INFO  o.e.m.c.i.e.AbstractTransferListenerAdapter - Downloaded https://repo.maven.apache.org/maven2/org/apache/httpcomponents/httpmime/4.5.2/httpmime-4.5.2.pom
2018-03-26 12:06:29,174 [Worker-369] INFO  o.e.m.c.i.e.AbstractTransferListenerAdapter - Downloaded https://jitpack.io/org/apache/httpcomponents/httpcomponents-client/4.5.2/httpcomponents-client-4.5.2.pom
2018-03-26 12:06:29,225 [Worker-369] INFO  o.e.m.c.i.e.AbstractTransferListenerAdapter - Downloading https://repo.maven.apache.org/maven2/org/apache/httpcomponents/httpcomponents-client/4.5.2/httpcomponents-client-4.5.2.pom
2018-03-26 12:06:29,358 [Worker-369] INFO  o.e.m.c.i.e.AbstractTransferListenerAdapter - Downloaded https://repo.maven.apache.org/maven2/org/apache/httpcomponents/httpcomponents-client/4.5.2/httpcomponents-client-4.5.2.pom
2018-03-26 12:06:29,410 [Worker-369] INFO  o.e.m.c.i.e.AbstractTransferListenerAdapter - Downloaded https://jitpack.io/org/apache/httpcomponents/httpclient/4.5.2/httpclient-4.5.2.pom
2018-03-26 12:06:29,460 [Worker-369] INFO  o.e.m.c.i.e.AbstractTransferListenerAdapter - Downloading https://repo.maven.apache.org/maven2/org/apache/httpcomponents/httpclient/4.5.2/httpclient-4.5.2.pom
2018-03-26 12:06:29,578 [Worker-369] INFO  o.e.m.c.i.e.AbstractTransferListenerAdapter - Downloaded https://repo.maven.apache.org/maven2/org/apache/httpcomponents/httpclient/4.5.2/httpclient-4.5.2.pom
2018-03-26 12:06:29,731 [Worker-369] INFO  o.e.m.c.i.e.AbstractTransferListenerAdapter - Downloaded https://jitpack.io/org/apache/httpcomponents/httpcore/4.4.4/httpcore-4.4.4.pom
2018-03-26 12:06:29,802 [Worker-369] INFO  o.e.m.c.i.e.AbstractTransferListenerAdapter - Downloading https://repo.maven.apache.org/maven2/org/apache/httpcomponents/httpcore/4.4.4/httpcore-4.4.4.pom
2018-03-26 12:06:29,949 [Worker-369] INFO  o.e.m.c.i.e.AbstractTransferListenerAdapter - Downloaded https://repo.maven.apache.org/maven2/org/apache/httpcomponents/httpcore/4.4.4/httpcore-4.4.4.pom
2018-03-26 12:06:30,120 [Worker-369] INFO  o.e.m.c.i.e.AbstractTransferListenerAdapter - Downloaded https://jitpack.io/org/apache/httpcomponents/httpcomponents-core/4.4.4/httpcomponents-core-4.4.4.pom
2018-03-26 12:06:30,174 [Worker-369] INFO  o.e.m.c.i.e.AbstractTransferListenerAdapter - Downloading https://repo.maven.apache.org/maven2/org/apache/httpcomponents/httpcomponents-core/4.4.4/httpcomponents-core-4.4.4.pom
2018-03-26 12:06:30,306 [Worker-369] INFO  o.e.m.c.i.e.AbstractTransferListenerAdapter - Downloaded https://repo.maven.apache.org/maven2/org/apache/httpcomponents/httpcomponents-core/4.4.4/httpcomponents-core-4.4.4.pom
2018-03-26 12:06:30,449 [Worker-369] INFO  o.e.m.c.i.e.AbstractTransferListenerAdapter - Downloaded https://jitpack.io/commons-logging/commons-logging/1.2/commons-logging-1.2.pom
2018-03-26 12:06:30,504 [Worker-369] INFO  o.e.m.c.i.e.AbstractTransferListenerAdapter - Downloading https://repo.maven.apache.org/maven2/commons-logging/commons-logging/1.2/commons-logging-1.2.pom
2018-03-26 12:06:30,601 [Worker-369] INFO  o.e.m.c.i.e.AbstractTransferListenerAdapter - Downloaded https://repo.maven.apache.org/maven2/commons-logging/commons-logging/1.2/commons-logging-1.2.pom
2018-03-26 12:06:30,642 [Worker-369] INFO  o.e.m.c.i.e.AbstractTransferListenerAdapter - Downloaded https://jitpack.io/org/apache/commons/commons-parent/34/commons-parent-34.pom
2018-03-26 12:06:30,696 [Worker-369] INFO  o.e.m.c.i.e.AbstractTransferListenerAdapter - Downloading https://repo.maven.apache.org/maven2/org/apache/commons/commons-parent/34/commons-parent-34.pom
2018-03-26 12:06:30,799 [Worker-369] INFO  o.e.m.c.i.e.AbstractTransferListenerAdapter - Downloaded https://repo.maven.apache.org/maven2/org/apache/commons/commons-parent/34/commons-parent-34.pom
2018-03-26 12:06:30,959 [Worker-369] INFO  o.e.m.c.i.e.AbstractTransferListenerAdapter - Downloaded https://jitpack.io/net/java/dev/jna/jna-platform/4.1.0/jna-platform-4.1.0.pom
2018-03-26 12:06:31,014 [Worker-369] INFO  o.e.m.c.i.e.AbstractTransferListenerAdapter - Downloading https://repo.maven.apache.org/maven2/net/java/dev/jna/jna-platform/4.1.0/jna-platform-4.1.0.pom
2018-03-26 12:06:31,137 [Worker-369] INFO  o.e.m.c.i.e.AbstractTransferListenerAdapter - Downloaded https://repo.maven.apache.org/maven2/net/java/dev/jna/jna-platform/4.1.0/jna-platform-4.1.0.pom
2018-03-26 12:06:31,295 [Worker-369] INFO  o.e.m.c.i.e.AbstractTransferListenerAdapter - Downloaded https://jitpack.io/net/java/dev/jna/jna/4.1.0/jna-4.1.0.pom
2018-03-26 12:06:31,347 [Worker-369] INFO  o.e.m.c.i.e.AbstractTransferListenerAdapter - Downloading https://repo.maven.apache.org/maven2/net/java/dev/jna/jna/4.1.0/jna-4.1.0.pom
2018-03-26 12:06:31,461 [Worker-369] INFO  o.e.m.c.i.e.AbstractTransferListenerAdapter - Downloaded https://repo.maven.apache.org/maven2/net/java/dev/jna/jna/4.1.0/jna-4.1.0.pom
2018-03-26 12:06:31,678 [Worker-369] INFO  o.e.m.c.i.e.AbstractTransferListenerAdapter - Downloading https://jitpack.io/com/github/detro/ghostdriver/2.1.0/ghostdriver-2.1.0.jar
2018-03-26 12:06:31,926 [Worker-369] INFO  o.e.m.c.i.e.AbstractTransferListenerAdapter - Downloaded https://jitpack.io/com/github/detro/ghostdriver/2.1.0/ghostdriver-2.1.0.jar
2018-03-26 12:06:32,191 [Worker-369] INFO  o.e.m.c.i.e.AbstractTransferListenerAdapter - Downloaded https://jitpack.io/org/seleniumhq/selenium/selenium-remote-driver/3.1.0/selenium-remote-driver-3.1.0.jar
2018-03-26 12:06:32,339 [Worker-369] INFO  o.e.m.c.i.e.AbstractTransferListenerAdapter - Downloaded https://jitpack.io/org/seleniumhq/selenium/selenium-api/3.1.0/selenium-api-3.1.0.jar
2018-03-26 12:06:32,460 [Worker-369] INFO  o.e.m.c.i.e.AbstractTransferListenerAdapter - Downloaded https://jitpack.io/cglib/cglib-nodep/3.2.4/cglib-nodep-3.2.4.jar
2018-03-26 12:06:32,587 [Worker-369] INFO  o.e.m.c.i.e.AbstractTransferListenerAdapter - Downloaded https://jitpack.io/com/google/guava/guava/21.0/guava-21.0.jar
2018-03-26 12:06:32,819 [Worker-369] INFO  o.e.m.c.i.e.AbstractTransferListenerAdapter - Downloaded https://jitpack.io/org/apache/httpcomponents/httpmime/4.5.2/httpmime-4.5.2.jar
2018-03-26 12:06:32,962 [Worker-369] INFO  o.e.m.c.i.e.AbstractTransferListenerAdapter - Downloaded https://jitpack.io/net/java/dev/jna/jna-platform/4.1.0/jna-platform-4.1.0.jar
2018-03-26 12:06:33,634 [Worker-369] INFO  o.e.m.c.i.e.AbstractTransferListenerAdapter - Downloading https://repo.maven.apache.org/maven2/org/seleniumhq/selenium/selenium-remote-driver/3.1.0/selenium-remote-driver-3.1.0.jar
2018-03-26 12:06:34,264 [Worker-369] INFO  o.e.m.c.i.e.AbstractTransferListenerAdapter - Downloaded https://repo.maven.apache.org/maven2/org/seleniumhq/selenium/selenium-remote-driver/3.1.0/selenium-remote-driver-3.1.0.jar
2018-03-26 12:06:34,534 [Worker-369] INFO  o.e.m.c.i.e.AbstractTransferListenerAdapter - Downloading https://repo.maven.apache.org/maven2/org/seleniumhq/selenium/selenium-api/3.1.0/selenium-api-3.1.0.jar
2018-03-26 12:06:34,768 [Worker-369] INFO  o.e.m.c.i.e.AbstractTransferListenerAdapter - Downloaded https://repo.maven.apache.org/maven2/org/seleniumhq/selenium/selenium-api/3.1.0/selenium-api-3.1.0.jar
2018-03-26 12:06:34,855 [Worker-369] INFO  o.e.m.c.i.e.AbstractTransferListenerAdapter - Downloading https://repo.maven.apache.org/maven2/cglib/cglib-nodep/3.2.4/cglib-nodep-3.2.4.jar
2018-03-26 12:06:35,183 [Worker-369] INFO  o.e.m.c.i.e.AbstractTransferListenerAdapter - Downloaded https://repo.maven.apache.org/maven2/cglib/cglib-nodep/3.2.4/cglib-nodep-3.2.4.jar
2018-03-26 12:06:35,235 [Worker-369] INFO  o.e.m.c.i.e.AbstractTransferListenerAdapter - Downloading https://repo.maven.apache.org/maven2/com/google/guava/guava/21.0/guava-21.0.jar
2018-03-26 12:06:37,006 [Worker-369] INFO  o.e.m.c.i.e.AbstractTransferListenerAdapter - Downloaded https://repo.maven.apache.org/maven2/com/google/guava/guava/21.0/guava-21.0.jar
2018-03-26 12:06:37,055 [Worker-369] INFO  o.e.m.c.i.e.AbstractTransferListenerAdapter - Downloading https://repo.maven.apache.org/maven2/org/apache/httpcomponents/httpmime/4.5.2/httpmime-4.5.2.jar
2018-03-26 12:06:37,192 [Worker-369] INFO  o.e.m.c.i.e.AbstractTransferListenerAdapter - Downloaded https://repo.maven.apache.org/maven2/org/apache/httpcomponents/httpmime/4.5.2/httpmime-4.5.2.jar
2018-03-26 12:06:38,031 [Worker-369] INFO  o.e.m.c.i.e.AbstractTransferListenerAdapter - Downloading https://repo.maven.apache.org/maven2/net/java/dev/jna/jna-platform/4.1.0/jna-platform-4.1.0.jar
2018-03-26 12:06:39,767 [Worker-369] INFO  o.e.m.c.i.e.AbstractTransferListenerAdapter - Downloaded https://repo.maven.apache.org/maven2/net/java/dev/jna/jna-platform/4.1.0/jna-platform-4.1.0.jar
2018-03-26 12:06:42,722 [Worker-369] WARN  o.e.m.c.i.embedder.EclipseLogger - Using platform encoding (Cp1252 actually) to copy filtered resources, i.e. build is platform dependent!
2018-03-26 12:06:42,733 [Worker-369] INFO  o.e.m.c.i.embedder.EclipseLogger - Copying 0 resource
2018-03-26 12:06:42,736 [Worker-369] WARN  o.e.m.c.i.embedder.EclipseLogger - Using platform encoding (Cp1252 actually) to copy filtered resources, i.e. build is platform dependent!
2018-03-26 12:06:42,743 [Worker-369] INFO  o.e.m.c.i.embedder.EclipseLogger - Copying 0 resource
2018-03-26 12:06:45,030 [Worker-369] WARN  o.e.m.c.i.embedder.EclipseLogger - Using platform encoding (Cp1252 actually) to copy filtered resources, i.e. build is platform dependent!
2018-03-26 12:06:45,045 [Worker-369] INFO  o.e.m.c.i.embedder.EclipseLogger - Copying 0 resource
2018-03-26 12:06:45,047 [Worker-369] WARN  o.e.m.c.i.embedder.EclipseLogger - Using platform encoding (Cp1252 actually) to copy filtered resources, i.e. build is platform dependent!
2018-03-26 12:06:45,062 [Worker-369] INFO  o.e.m.c.i.embedder.EclipseLogger - Copying 0 resource
2018-03-26 12:13:37,323 [Worker-377] WARN  o.e.m.c.i.embedder.EclipseLogger - Using platform encoding (Cp1252 actually) to copy filtered resources, i.e. build is platform dependent!
2018-03-26 12:13:37,330 [Worker-377] INFO  o.e.m.c.i.embedder.EclipseLogger - Copying 0 resource
2018-03-26 12:13:37,332 [Worker-377] WARN  o.e.m.c.i.embedder.EclipseLogger - Using platform encoding (Cp1252 actually) to copy filtered resources, i.e. build is platform dependent!
2018-03-26 12:13:37,341 [Worker-377] INFO  o.e.m.c.i.embedder.EclipseLogger - Copying 0 resource
2018-03-26 12:17:00,995 [Worker-377] WARN  o.e.m.c.i.embedder.EclipseLogger - Using platform encoding (Cp1252 actually) to copy filtered resources, i.e. build is platform dependent!
2018-03-26 12:17:01,008 [Worker-377] INFO  o.e.m.c.i.embedder.EclipseLogger - Copying 0 resource
2018-03-26 12:17:01,009 [Worker-377] WARN  o.e.m.c.i.embedder.EclipseLogger - Using platform encoding (Cp1252 actually) to copy filtered resources, i.e. build is platform dependent!
2018-03-26 12:17:01,014 [Worker-377] INFO  o.e.m.c.i.embedder.EclipseLogger - Copying 0 resource
2018-03-26 12:17:09,280 [Worker-375] WARN  o.e.r.models.ModelRepository - Failed to download org.eclipse.recommenders:index::zip:0.0.0
org.eclipse.aether.resolution.ArtifactResolutionException: Could not transfer artifact org.eclipse.recommenders:index:zip:0.0.0-SNAPSHOT from/to models (http://download.eclipse.org/recommenders/models/oxygen/): Forbidden (403)
	at org.eclipse.aether.internal.impl.DefaultArtifactResolver.resolve(DefaultArtifactResolver.java:453) ~[na:na]
	at org.eclipse.aether.internal.impl.DefaultArtifactResolver.resolveArtifacts(DefaultArtifactResolver.java:255) ~[na:na]
	at org.eclipse.aether.internal.impl.DefaultArtifactResolver.resolveArtifact(DefaultArtifactResolver.java:232) ~[na:na]
	at org.eclipse.aether.internal.impl.DefaultRepositorySystem.resolveArtifact(DefaultRepositorySystem.java:303) ~[na:na]
	at org.eclipse.recommenders.models.ModelRepository.resolveInternal(ModelRepository.java:193) [org.eclipse.recommenders.models_2.5.0.v20171201-1623.jar:na]
	at org.eclipse.recommenders.models.ModelRepository.resolve(ModelRepository.java:172) [org.eclipse.recommenders.models_2.5.0.v20171201-1623.jar:na]
	at org.eclipse.recommenders.internal.models.rcp.EclipseModelRepository.resolve(EclipseModelRepository.java:168) [org.eclipse.recommenders.models.rcp_2.5.0.v20171201-1623.jar:na]
	at org.eclipse.recommenders.internal.models.rcp.DownloadModelArchiveJob.run(DownloadModelArchiveJob.java:76) [org.eclipse.recommenders.models.rcp_2.5.0.v20171201-1623.jar:na]
	at org.eclipse.core.internal.jobs.Worker.run(Worker.java:56) [org.eclipse.core.jobs_3.9.2.v20171030-1027.jar:na]
Caused by: org.eclipse.aether.transfer.ArtifactTransferException: Could not transfer artifact org.eclipse.recommenders:index:zip:0.0.0-SNAPSHOT from/to models (http://download.eclipse.org/recommenders/models/oxygen/): Forbidden (403)
	at org.eclipse.aether.connector.basic.ArtifactTransportListener.transferFailed(ArtifactTransportListener.java:52) ~[org.apache.maven.resolver.connector.basic_1.0.3.v20170405-0725.jar:1.0.3]
	at org.eclipse.aether.connector.basic.BasicRepositoryConnector$TaskRunner.run(BasicRepositoryConnector.java:364) ~[org.apache.maven.resolver.connector.basic_1.0.3.v20170405-0725.jar:1.0.3]
	at org.eclipse.aether.util.concurrency.RunnableErrorForwarder$1.run(RunnableErrorForwarder.java:76) ~[na:na]
	at org.eclipse.aether.connector.basic.BasicRepositoryConnector$DirectExecutor.execute(BasicRepositoryConnector.java:590) ~[org.apache.maven.resolver.connector.basic_1.0.3.v20170405-0725.jar:1.0.3]
	at org.eclipse.aether.connector.basic.BasicRepositoryConnector.get(BasicRepositoryConnector.java:258) ~[org.apache.maven.resolver.connector.basic_1.0.3.v20170405-0725.jar:1.0.3]
	at org.eclipse.aether.internal.impl.DefaultArtifactResolver.performDownloads(DefaultArtifactResolver.java:529) ~[na:na]
	at org.eclipse.aether.internal.impl.DefaultArtifactResolver.resolve(DefaultArtifactResolver.java:430) ~[na:na]
	... 8 common frames omitted
Caused by: org.apache.http.client.HttpResponseException: Forbidden (403)
	at org.eclipse.aether.transport.http.HttpTransporter.handleStatus(HttpTransporter.java:475) ~[org.apache.maven.resolver.transport.http_1.0.3.v20170405-0725.jar:1.0.3]
	at org.eclipse.aether.transport.http.HttpTransporter.execute(HttpTransporter.java:300) ~[org.apache.maven.resolver.transport.http_1.0.3.v20170405-0725.jar:1.0.3]
	at org.eclipse.aether.transport.http.HttpTransporter.implGet(HttpTransporter.java:252) ~[org.apache.maven.resolver.transport.http_1.0.3.v20170405-0725.jar:1.0.3]
	at org.eclipse.aether.spi.connector.transport.AbstractTransporter.get(AbstractTransporter.java:68) ~[org.apache.maven.resolver.spi_1.0.3.v20170405-0725.jar:1.0.3]
	at org.eclipse.aether.connector.basic.BasicRepositoryConnector$GetTaskRunner.runTask(BasicRepositoryConnector.java:456) ~[org.apache.maven.resolver.connector.basic_1.0.3.v20170405-0725.jar:1.0.3]
	at org.eclipse.aether.connector.basic.BasicRepositoryConnector$TaskRunner.run(BasicRepositoryConnector.java:359) ~[org.apache.maven.resolver.connector.basic_1.0.3.v20170405-0725.jar:1.0.3]
	... 13 common frames omitted
2018-03-26 12:17:44,801 [Worker-376] WARN  o.e.m.c.i.embedder.EclipseLogger - Using platform encoding (Cp1252 actually) to copy filtered resources, i.e. build is platform dependent!
2018-03-26 12:17:44,828 [Worker-376] INFO  o.e.m.c.i.embedder.EclipseLogger - Copying 0 resource
2018-03-26 12:17:44,829 [Worker-376] WARN  o.e.m.c.i.embedder.EclipseLogger - Using platform encoding (Cp1252 actually) to copy filtered resources, i.e. build is platform dependent!
2018-03-26 12:17:44,842 [Worker-376] INFO  o.e.m.c.i.embedder.EclipseLogger - Copying 0 resource
2018-03-26 12:20:30,847 [Worker-378] WARN  o.e.m.c.i.embedder.EclipseLogger - Using platform encoding (Cp1252 actually) to copy filtered resources, i.e. build is platform dependent!
2018-03-26 12:20:30,852 [Worker-378] INFO  o.e.m.c.i.embedder.EclipseLogger - Copying 0 resource
2018-03-26 12:20:30,853 [Worker-378] WARN  o.e.m.c.i.embedder.EclipseLogger - Using platform encoding (Cp1252 actually) to copy filtered resources, i.e. build is platform dependent!
2018-03-26 12:20:30,857 [Worker-378] INFO  o.e.m.c.i.embedder.EclipseLogger - Copying 0 resource
2018-03-26 12:21:50,184 [Worker-377] WARN  o.e.m.c.i.embedder.EclipseLogger - Using platform encoding (Cp1252 actually) to copy filtered resources, i.e. build is platform dependent!
2018-03-26 12:21:50,191 [Worker-377] INFO  o.e.m.c.i.embedder.EclipseLogger - Copying 0 resource
2018-03-26 12:21:50,192 [Worker-377] WARN  o.e.m.c.i.embedder.EclipseLogger - Using platform encoding (Cp1252 actually) to copy filtered resources, i.e. build is platform dependent!
2018-03-26 12:21:50,199 [Worker-377] INFO  o.e.m.c.i.embedder.EclipseLogger - Copying 0 resource
2018-03-26 12:23:24,733 [Worker-375] INFO  o.e.m.i.launch.MavenLaunchDelegate - C:\Users\anna.zhuravleva\Documents\Alrquitectura\mavenSeleniumPhantomjs\PhabtomjsTest
2018-03-26 12:23:24,734 [Worker-375] INFO  o.e.m.i.launch.MavenLaunchDelegate -  mvn -B test
2018-03-26 12:23:29,652 [Worker-378] WARN  o.e.m.c.i.embedder.EclipseLogger - Using platform encoding (Cp1252 actually) to copy filtered resources, i.e. build is platform dependent!
2018-03-26 12:23:29,666 [Worker-378] INFO  o.e.m.c.i.embedder.EclipseLogger - Copying 0 resource
2018-03-26 12:23:29,669 [Worker-378] WARN  o.e.m.c.i.embedder.EclipseLogger - Using platform encoding (Cp1252 actually) to copy filtered resources, i.e. build is platform dependent!
2018-03-26 12:23:29,676 [Worker-378] INFO  o.e.m.c.i.embedder.EclipseLogger - Copying 0 resource
2018-03-26 12:27:35,376 [Worker-381] INFO  o.e.m.c.i.l.LifecycleMappingFactory - Using org.eclipse.m2e.jdt.JarLifecycleMapping lifecycle mapping for MavenProject: PhantomjsTest:PhabtomjsTest:0.0.1-SNAPSHOT @ C:\Users\anna.zhuravleva\Documents\Alrquitectura\mavenSeleniumPhantomjs\PhabtomjsTest\pom.xml.
2018-03-26 12:27:36,225 [Worker-381] WARN  o.e.m.c.i.embedder.EclipseLogger - Using platform encoding (Cp1252 actually) to copy filtered resources, i.e. build is platform dependent!
2018-03-26 12:27:36,233 [Worker-381] INFO  o.e.m.c.i.embedder.EclipseLogger - Copying 0 resource
2018-03-26 12:27:36,236 [Worker-381] WARN  o.e.m.c.i.embedder.EclipseLogger - Using platform encoding (Cp1252 actually) to copy filtered resources, i.e. build is platform dependent!
2018-03-26 12:27:36,246 [Worker-381] INFO  o.e.m.c.i.embedder.EclipseLogger - Copying 0 resource
2018-03-26 12:51:33,181 [Worker-388] INFO  o.e.m.i.launch.MavenLaunchDelegate - C:\Users\anna.zhuravleva\Documents\Alrquitectura\mavenSeleniumPhantomjs\PhabtomjsTest
2018-03-26 12:51:33,183 [Worker-388] INFO  o.e.m.i.launch.MavenLaunchDelegate -  mvn -B test
2018-03-26 12:51:41,702 [Worker-387] WARN  o.e.m.c.i.embedder.EclipseLogger - Using platform encoding (Cp1252 actually) to copy filtered resources, i.e. build is platform dependent!
2018-03-26 12:51:41,712 [Worker-387] INFO  o.e.m.c.i.embedder.EclipseLogger - Copying 0 resource
2018-03-26 12:51:41,715 [Worker-387] WARN  o.e.m.c.i.embedder.EclipseLogger - Using platform encoding (Cp1252 actually) to copy filtered resources, i.e. build is platform dependent!
2018-03-26 12:51:41,725 [Worker-387] INFO  o.e.m.c.i.embedder.EclipseLogger - Copying 0 resource
2018-03-26 12:56:03,661 [Worker-388] INFO  o.e.m.c.i.l.LifecycleMappingFactory - Using org.eclipse.m2e.jdt.JarLifecycleMapping lifecycle mapping for MavenProject: PhantomjsTest:PhabtomjsTest:0.0.1-SNAPSHOT @ C:\Users\anna.zhuravleva\Documents\Alrquitectura\mavenSeleniumPhantomjs\PhabtomjsTest\pom.xml.
2018-03-26 12:56:15,030 [Worker-388] INFO  o.e.m.c.i.e.AbstractTransferListenerAdapter - Downloaded https://jitpack.io/org/apache/commons/commons-exec/1.3/commons-exec-1.3.jar
2018-03-26 12:56:41,377 [Worker-388] INFO  o.e.m.c.i.e.AbstractTransferListenerAdapter - Downloading https://repo.maven.apache.org/maven2/org/apache/commons/commons-exec/1.3/commons-exec-1.3.jar
2018-03-26 12:56:41,567 [Worker-388] INFO  o.e.m.c.i.e.AbstractTransferListenerAdapter - Downloaded https://repo.maven.apache.org/maven2/org/apache/commons/commons-exec/1.3/commons-exec-1.3.jar
2018-03-26 12:56:42,232 [Worker-388] WARN  o.e.m.c.i.embedder.EclipseLogger - Using platform encoding (Cp1252 actually) to copy filtered resources, i.e. build is platform dependent!
2018-03-26 12:56:42,240 [Worker-388] INFO  o.e.m.c.i.embedder.EclipseLogger - Copying 0 resource
2018-03-26 12:56:42,242 [Worker-388] WARN  o.e.m.c.i.embedder.EclipseLogger - Using platform encoding (Cp1252 actually) to copy filtered resources, i.e. build is platform dependent!
2018-03-26 12:56:42,247 [Worker-388] INFO  o.e.m.c.i.embedder.EclipseLogger - Copying 0 resource
2018-03-26 12:56:42,967 [Worker-391] INFO  o.e.m.i.launch.MavenLaunchDelegate - C:\Users\anna.zhuravleva\Documents\Alrquitectura\mavenSeleniumPhantomjs\PhabtomjsTest
2018-03-26 12:56:42,967 [Worker-391] INFO  o.e.m.i.launch.MavenLaunchDelegate -  mvn -B test
2018-03-26 12:56:43,053 [Worker-392] INFO  o.e.m.i.launch.MavenLaunchDelegate - C:\Users\anna.zhuravleva\Documents\Alrquitectura\mavenSeleniumPhantomjs\PhabtomjsTest
2018-03-26 12:56:43,054 [Worker-392] INFO  o.e.m.i.launch.MavenLaunchDelegate -  mvn -B test
2018-03-26 12:56:44,175 [Worker-393] WARN  o.e.m.c.i.embedder.EclipseLogger - Using platform encoding (Cp1252 actually) to copy filtered resources, i.e. build is platform dependent!
2018-03-26 12:56:44,184 [Worker-393] INFO  o.e.m.c.i.embedder.EclipseLogger - Copying 0 resource
2018-03-26 12:56:44,186 [Worker-393] WARN  o.e.m.c.i.embedder.EclipseLogger - Using platform encoding (Cp1252 actually) to copy filtered resources, i.e. build is platform dependent!
2018-03-26 12:56:44,196 [Worker-393] INFO  o.e.m.c.i.embedder.EclipseLogger - Copying 0 resource
2018-03-26 12:58:16,931 [Worker-397] WARN  o.e.m.c.i.embedder.EclipseLogger - Using platform encoding (Cp1252 actually) to copy filtered resources, i.e. build is platform dependent!
2018-03-26 12:58:16,938 [Worker-397] INFO  o.e.m.c.i.embedder.EclipseLogger - Copying 0 resource
2018-03-26 12:58:16,940 [Worker-397] WARN  o.e.m.c.i.embedder.EclipseLogger - Using platform encoding (Cp1252 actually) to copy filtered resources, i.e. build is platform dependent!
2018-03-26 12:58:16,947 [Worker-397] INFO  o.e.m.c.i.embedder.EclipseLogger - Copying 0 resource
